{"level":"INFO","ts":"2026-01-19T17:10:10.600+0800","caller":"cmd/main.go:18","msg":"服务正在启动"}
{"level":"INFO","ts":"2026-01-19T17:10:10.605+0800","caller":"cmd/main.go:29","msg":"服务启动成功","port":"8080"}
{"level":"INFO","ts":"2026-01-19T17:10:32.252+0800","caller":"middleware/logger.go:23","msg":"request","status":200,"method":"POST","path":"/login","query":"","ip":"::1","user-agent":"curl/8.7.1","errors":"","cost":0.001674857}
{"level":"INFO","ts":"2026-01-19T19:15:32.178+0800","caller":"cmd/main.go:24","msg":"服务正在启动"}
{"level":"INFO","ts":"2026-01-19T19:15:32.182+0800","caller":"cmd/main.go:35","msg":"服务启动成功","port":"8080"}
{"level":"INFO","ts":"2026-01-19T19:16:46.728+0800","caller":"middleware/logger.go:23","msg":"request","status":409,"method":"POST","path":"/register","query":"","ip":"::1","user-agent":"curl/8.7.1","errors":"","cost":50.87471809}
{"level":"INFO","ts":"2026-01-19T19:21:58.361+0800","caller":"cmd/main.go:24","msg":"服务正在启动"}
{"level":"INFO","ts":"2026-01-19T19:21:58.365+0800","caller":"cmd/main.go:35","msg":"服务启动成功","port":"8080"}
{"level":"INFO","ts":"2026-01-19T19:22:23.461+0800","caller":"middleware/logger.go:23","msg":"request","status":409,"method":"POST","path":"/register","query":"","ip":"::1","user-agent":"curl/8.7.1","errors":"","cost":17.16110071}
{"level":"INFO","ts":"2026-01-19T19:22:32.204+0800","caller":"cmd/main.go:24","msg":"服务正在启动"}
{"level":"INFO","ts":"2026-01-19T19:22:32.215+0800","caller":"cmd/main.go:35","msg":"服务启动成功","port":"8080"}
{"level":"INFO","ts":"2026-01-19T19:24:45.680+0800","caller":"middleware/logger.go:23","msg":"request","status":200,"method":"POST","path":"/register","query":"","ip":"::1","user-agent":"curl/8.7.1","errors":"","cost":131.895459045}
{"level":"INFO","ts":"2026-01-19T19:26:29.219+0800","caller":"middleware/logger.go:23","msg":"request","status":200,"method":"POST","path":"/register","query":"","ip":"::1","user-agent":"curl/8.7.1","errors":"","cost":6.716413478}
{"level":"INFO","ts":"2026-01-19T19:26:39.332+0800","caller":"cmd/main.go:24","msg":"服务正在启动"}
{"level":"INFO","ts":"2026-01-19T19:26:39.333+0800","caller":"cmd/main.go:35","msg":"服务启动成功","port":"8080"}
{"level":"INFO","ts":"2026-01-19T19:33:14.349+0800","caller":"middleware/logger.go:23","msg":"request","status":200,"method":"POST","path":"/register","query":"","ip":"::1","user-agent":"curl/8.7.1","errors":"","cost":387.749792108}
{"level":"INFO","ts":"2026-01-21T11:19:45.248+0800","caller":"cmd/main.go:24","msg":"服务正在启动"}
{"level":"INFO","ts":"2026-01-21T11:19:45.274+0800","caller":"cmd/main.go:35","msg":"服务启动成功","port":"8080"}
{"level":"INFO","ts":"2026-01-21T11:21:03.392+0800","caller":"middleware/logger.go:23","msg":"request","status":200,"method":"POST","path":"/register","query":"","ip":"::1","user-agent":"curl/8.7.1","errors":"","cost":0.111356442}
{"level":"INFO","ts":"2026-01-21T11:22:23.477+0800","caller":"middleware/logger.go:23","msg":"request","status":200,"method":"POST","path":"/register","query":"","ip":"::1","user-agent":"curl/8.7.1","errors":"","cost":0.064316203}
{"level":"INFO","ts":"2026-01-21T11:23:08.612+0800","caller":"middleware/logger.go:23","msg":"request","status":200,"method":"POST","path":"/register","query":"","ip":"::1","user-agent":"curl/8.7.1","errors":"","cost":0.062072814}
{"level":"INFO","ts":"2026-01-21T11:23:23.222+0800","caller":"cmd/main.go:24","msg":"服务正在启动"}
{"level":"INFO","ts":"2026-01-21T11:23:23.223+0800","caller":"cmd/main.go:35","msg":"服务启动成功","port":"8080"}
{"level":"INFO","ts":"2026-01-21T11:23:27.574+0800","caller":"middleware/logger.go:23","msg":"request","status":500,"method":"POST","path":"/register","query":"","ip":"::1","user-agent":"curl/8.7.1","errors":"","cost":0.065765254}
{"level":"INFO","ts":"2026-01-21T11:25:02.102+0800","caller":"cmd/main.go:24","msg":"服务正在启动"}
{"level":"INFO","ts":"2026-01-21T11:25:02.104+0800","caller":"cmd/main.go:35","msg":"服务启动成功","port":"8080"}
{"level":"INFO","ts":"2026-01-21T16:47:11.874+0800","caller":"cmd/main.go:24","msg":"服务正在启动"}
{"level":"INFO","ts":"2026-01-21T16:47:11.878+0800","caller":"cmd/main.go:39","msg":"服务启动成功","port":"8080"}
{"level":"INFO","ts":"2026-01-21T16:47:31.848+0800","caller":"middleware/logger.go:23","msg":"request","status":500,"method":"POST","path":"/register","query":"","ip":"::1","user-agent":"curl/8.7.1","errors":"","cost":0.002409624}
{"level":"INFO","ts":"2026-01-21T16:47:47.645+0800","caller":"middleware/logger.go:23","msg":"request","status":500,"method":"POST","path":"/register","query":"","ip":"::1","user-agent":"curl/8.7.1","errors":"","cost":0.000667798}
{"level":"INFO","ts":"2026-01-21T16:48:35.190+0800","caller":"cmd/main.go:24","msg":"服务正在启动"}
{"level":"INFO","ts":"2026-01-21T16:48:35.193+0800","caller":"cmd/main.go:39","msg":"服务启动成功","port":"8080"}
{"level":"INFO","ts":"2026-01-21T16:51:13.296+0800","caller":"cmd/main.go:24","msg":"服务正在启动"}
{"level":"INFO","ts":"2026-01-21T16:51:13.298+0800","caller":"cmd/main.go:39","msg":"服务启动成功","port":"8080"}
{"level":"INFO","ts":"2026-01-21T16:51:16.077+0800","caller":"middleware/logger.go:23","msg":"request","status":200,"method":"POST","path":"/register","query":"","ip":"::1","user-agent":"curl/8.7.1","errors":"","cost":0.072778987}
{"level":"INFO","ts":"2026-01-21T16:53:53.640+0800","caller":"cmd/main.go:24","msg":"服务正在启动"}
{"level":"INFO","ts":"2026-01-21T16:53:53.642+0800","caller":"cmd/main.go:39","msg":"服务启动成功","port":"8080"}
{"level":"INFO","ts":"2026-01-21T16:53:57.329+0800","caller":"middleware/logger.go:23","msg":"request","status":200,"method":"POST","path":"/register","query":"","ip":"::1","user-agent":"curl/8.7.1","errors":"","cost":0.071159446}
{"level":"INFO","ts":"2026-01-21T16:58:08.486+0800","caller":"cmd/main.go:24","msg":"服务正在启动"}
{"level":"INFO","ts":"2026-01-21T16:58:08.491+0800","caller":"cmd/main.go:39","msg":"服务启动成功","port":"8080"}
{"level":"INFO","ts":"2026-01-21T16:58:11.544+0800","caller":"middleware/logger.go:23","msg":"request","status":200,"method":"POST","path":"/register","query":"","ip":"::1","user-agent":"curl/8.7.1","errors":"","cost":0.078037567}
{"level":"INFO","ts":"2026-01-21T17:59:56.668+0800","caller":"cmd/main.go:24","msg":"服务正在启动"}
{"level":"INFO","ts":"2026-01-21T17:59:56.669+0800","caller":"cmd/main.go:39","msg":"服务启动成功","port":"8080"}
{"level":"INFO","ts":"2026-01-21T17:59:59.570+0800","caller":"middleware/logger.go:23","msg":"request","status":200,"method":"POST","path":"/register","query":"","ip":"::1","user-agent":"curl/8.7.1","errors":"","cost":0.064819605}
{"level":"INFO","ts":"2026-01-21T18:09:36.986+0800","caller":"cmd/main.go:24","msg":"服务正在启动"}
{"level":"INFO","ts":"2026-01-21T18:09:36.988+0800","caller":"cmd/main.go:39","msg":"服务启动成功","port":"8080"}
{"level":"INFO","ts":"2026-01-22T16:44:23.024+0800","caller":"cmd/main.go:24","msg":"服务正在启动"}
{"level":"INFO","ts":"2026-01-22T16:44:23.026+0800","caller":"cmd/main.go:39","msg":"服务启动成功","port":"8080"}
{"level":"INFO","ts":"2026-01-22T16:45:51.322+0800","caller":"middleware/logger.go:23","msg":"request","status":200,"method":"POST","path":"/register","query":"","ip":"::1","user-agent":"curl/8.7.1","errors":"","cost":0.082304864}
{"level":"INFO","ts":"2026-01-22T16:45:59.385+0800","caller":"middleware/logger.go:23","msg":"request","status":409,"method":"POST","path":"/register","query":"","ip":"::1","user-agent":"curl/8.7.1","errors":"","cost":0.065798111}
{"level":"INFO","ts":"2026-01-22T16:46:55.363+0800","caller":"middleware/logger.go:23","msg":"request","status":404,"method":"POST","path":"/api/v1/users","query":"","ip":"::1","user-agent":"curl/8.7.1","errors":"","cost":0.000000693}
{"level":"INFO","ts":"2026-01-22T16:46:55.364+0800","caller":"middleware/logger.go:23","msg":"request","status":404,"method":"POST","path":"/api/v1/users","query":"","ip":"::1","user-agent":"curl/8.7.1","errors":"","cost":0.000000437}
{"level":"INFO","ts":"2026-01-22T16:46:55.367+0800","caller":"middleware/logger.go:23","msg":"request","status":404,"method":"POST","path":"/api/v1/users","query":"","ip":"::1","user-agent":"curl/8.7.1","errors":"","cost":0.000000589}
{"level":"INFO","ts":"2026-01-22T16:46:55.367+0800","caller":"middleware/logger.go:23","msg":"request","status":404,"method":"POST","path":"/api/v1/users","query":"","ip":"::1","user-agent":"curl/8.7.1","errors":"","cost":0.000000364}
{"level":"INFO","ts":"2026-01-22T16:46:55.370+0800","caller":"middleware/logger.go:23","msg":"request","status":404,"method":"POST","path":"/api/v1/users","query":"","ip":"::1","user-agent":"curl/8.7.1","errors":"","cost":0.000000619}
{"level":"INFO","ts":"2026-01-22T16:46:55.371+0800","caller":"middleware/logger.go:23","msg":"request","status":404,"method":"POST","path":"/api/v1/users","query":"","ip":"::1","user-agent":"curl/8.7.1","errors":"","cost":0.000000437}
{"level":"INFO","ts":"2026-01-22T16:46:55.372+0800","caller":"middleware/logger.go:23","msg":"request","status":404,"method":"POST","path":"/api/v1/users","query":"","ip":"::1","user-agent":"curl/8.7.1","errors":"","cost":0.000000383}
{"level":"INFO","ts":"2026-01-22T16:46:55.374+0800","caller":"middleware/logger.go:23","msg":"request","status":404,"method":"POST","path":"/api/v1/users","query":"","ip":"::1","user-agent":"curl/8.7.1","errors":"","cost":0.0000004}
{"level":"INFO","ts":"2026-01-22T16:46:55.376+0800","caller":"middleware/logger.go:23","msg":"request","status":404,"method":"POST","path":"/api/v1/users","query":"","ip":"::1","user-agent":"curl/8.7.1","errors":"","cost":0.000000374}
{"level":"INFO","ts":"2026-01-22T16:46:55.376+0800","caller":"middleware/logger.go:23","msg":"request","status":404,"method":"POST","path":"/api/v1/users","query":"","ip":"::1","user-agent":"curl/8.7.1","errors":"","cost":0.000000355}
{"level":"INFO","ts":"2026-01-22T16:47:33.087+0800","caller":"middleware/logger.go:23","msg":"request","status":200,"method":"POST","path":"/register","query":"","ip":"::1","user-agent":"curl/8.7.1","errors":"","cost":0.066136209}
{"level":"INFO","ts":"2026-01-22T16:47:33.087+0800","caller":"middleware/logger.go:23","msg":"request","status":409,"method":"POST","path":"/register","query":"","ip":"::1","user-agent":"curl/8.7.1","errors":"","cost":0.067995392}
{"level":"INFO","ts":"2026-01-22T16:47:33.091+0800","caller":"middleware/logger.go:23","msg":"request","status":409,"method":"POST","path":"/register","query":"","ip":"::1","user-agent":"curl/8.7.1","errors":"","cost":0.065786007}
{"level":"INFO","ts":"2026-01-22T16:47:33.091+0800","caller":"middleware/logger.go:23","msg":"request","status":409,"method":"POST","path":"/register","query":"","ip":"::1","user-agent":"curl/8.7.1","errors":"","cost":0.064716088}
{"level":"INFO","ts":"2026-01-22T16:47:33.092+0800","caller":"middleware/logger.go:23","msg":"request","status":409,"method":"POST","path":"/register","query":"","ip":"::1","user-agent":"curl/8.7.1","errors":"","cost":0.064025213}
{"level":"INFO","ts":"2026-01-22T16:47:33.094+0800","caller":"middleware/logger.go:23","msg":"request","status":409,"method":"POST","path":"/register","query":"","ip":"::1","user-agent":"curl/8.7.1","errors":"","cost":0.063230594}
{"level":"INFO","ts":"2026-01-22T16:47:33.095+0800","caller":"middleware/logger.go:23","msg":"request","status":409,"method":"POST","path":"/register","query":"","ip":"::1","user-agent":"curl/8.7.1","errors":"","cost":0.063046518}
{"level":"INFO","ts":"2026-01-22T16:47:33.111+0800","caller":"middleware/logger.go:23","msg":"request","status":409,"method":"POST","path":"/register","query":"","ip":"::1","user-agent":"curl/8.7.1","errors":"","cost":0.077263174}
{"level":"INFO","ts":"2026-01-22T16:47:33.111+0800","caller":"middleware/logger.go:23","msg":"request","status":409,"method":"POST","path":"/register","query":"","ip":"::1","user-agent":"curl/8.7.1","errors":"","cost":0.07788265}
{"level":"INFO","ts":"2026-01-22T16:47:33.112+0800","caller":"middleware/logger.go:23","msg":"request","status":409,"method":"POST","path":"/register","query":"","ip":"::1","user-agent":"curl/8.7.1","errors":"","cost":0.078877461}
{"level":"INFO","ts":"2026-01-22T19:19:20.088+0800","caller":"cmd/main.go:24","msg":"服务正在启动"}
{"level":"INFO","ts":"2026-01-22T19:19:20.111+0800","caller":"cmd/main.go:39","msg":"服务启动成功","port":"8080"}
{"level":"INFO","ts":"2026-01-22T19:19:52.744+0800","caller":"middleware/logger.go:23","msg":"request","status":200,"method":"POST","path":"/register","query":"","ip":"::1","user-agent":"curl/8.7.1","errors":"","cost":6.783161038}
{"level":"INFO","ts":"2026-01-22T19:25:50.316+0800","caller":"middleware/logger.go:23","msg":"request","status":200,"method":"POST","path":"/login","query":"","ip":"::1","user-agent":"curl/8.7.1","errors":"","cost":341.113236965}
{"level":"INFO","ts":"2026-01-22T19:26:49.245+0800","caller":"middleware/logger.go:23","msg":"request","status":401,"method":"GET","path":"/user/me","query":"","ip":"::1","user-agent":"curl/8.7.1","errors":"","cost":0.000189483}
{"level":"ERROR","ts":"2026-01-22T19:30:05.699+0800","caller":"response/response.go:42","msg":"internal error","error":"invalid value, should be pointer to struct or slice"}
{"level":"INFO","ts":"2026-01-22T19:30:05.699+0800","caller":"middleware/logger.go:23","msg":"request","status":500,"method":"POST","path":"/refresh","query":"","ip":"::1","user-agent":"curl/8.7.1","errors":"","cost":0.000238634}
{"level":"ERROR","ts":"2026-01-22T19:30:57.885+0800","caller":"response/response.go:42","msg":"internal error","error":"invalid value, should be pointer to struct or slice"}
{"level":"INFO","ts":"2026-01-22T19:30:57.885+0800","caller":"middleware/logger.go:23","msg":"request","status":500,"method":"POST","path":"/refresh","query":"","ip":"::1","user-agent":"curl/8.7.1","errors":"","cost":0.000193156}
{"level":"INFO","ts":"2026-01-22T19:31:15.117+0800","caller":"cmd/main.go:24","msg":"服务正在启动"}
{"level":"INFO","ts":"2026-01-22T19:31:15.119+0800","caller":"cmd/main.go:39","msg":"服务启动成功","port":"8080"}
{"level":"INFO","ts":"2026-01-22T19:35:25.281+0800","caller":"cmd/main.go:24","msg":"服务正在启动"}
{"level":"INFO","ts":"2026-01-22T19:35:25.292+0800","caller":"cmd/main.go:39","msg":"服务启动成功","port":"8080"}
{"level":"INFO","ts":"2026-01-22T19:35:33.643+0800","caller":"middleware/logger.go:23","msg":"request","status":200,"method":"POST","path":"/refresh","query":"","ip":"::1","user-agent":"curl/8.7.1","errors":"","cost":2.212585897}
{"level":"INFO","ts":"2026-01-22T19:47:37.694+0800","caller":"cmd/main.go:24","msg":"服务正在启动"}
{"level":"INFO","ts":"2026-01-22T19:47:37.713+0800","caller":"cmd/main.go:39","msg":"服务启动成功","port":"8080"}
{"level":"INFO","ts":"2026-01-22T19:47:55.857+0800","caller":"middleware/logger.go:23","msg":"request","status":400,"method":"POST","path":"/refresh","query":"","ip":"::1","user-agent":"curl/8.7.1","errors":"","cost":15.838130243}
{"level":"INFO","ts":"2026-01-22T20:06:25.528+0800","caller":"cmd/main.go:24","msg":"服务正在启动"}
{"level":"INFO","ts":"2026-01-22T20:06:25.530+0800","caller":"cmd/main.go:39","msg":"服务启动成功","port":"8080"}
{"level":"INFO","ts":"2026-01-22T20:06:41.935+0800","caller":"middleware/logger.go:23","msg":"request","status":401,"method":"GET","path":"/user/me","query":"","ip":"::1","user-agent":"curl/8.7.1","errors":"","cost":0.000280995}
{"level":"INFO","ts":"2026-01-22T20:08:03.456+0800","caller":"cmd/main.go:24","msg":"服务正在启动"}
{"level":"INFO","ts":"2026-01-22T20:08:03.464+0800","caller":"cmd/main.go:39","msg":"服务启动成功","port":"8080"}
{"level":"INFO","ts":"2026-01-22T20:10:12.409+0800","caller":"middleware/logger.go:23","msg":"request","status":200,"method":"POST","path":"/refresh","query":"","ip":"::1","user-agent":"curl/8.7.1","errors":"","cost":127.304381812}
{"level":"INFO","ts":"2026-01-23T17:26:56.527+0800","caller":"cmd/main.go:27","msg":"服务正在启动"}
{"level":"INFO","ts":"2026-01-23T17:26:56.617+0800","caller":"cmd/main.go:42","msg":"服务启动成功","port":"8080"}
{"level":"INFO","ts":"2026-01-23T18:01:08.287+0800","caller":"cmd/main.go:27","msg":"服务正在启动"}
{"level":"INFO","ts":"2026-01-23T18:01:08.288+0800","caller":"cmd/main.go:42","msg":"服务启动成功","port":"8080"}
{"level":"INFO","ts":"2026-01-23T18:07:19.827+0800","caller":"middleware/logger.go:23","msg":"request","status":400,"method":"POST","path":"/login","query":"","ip":"::1","user-agent":"curl/8.7.1","errors":"","cost":0.028400695}
{"level":"INFO","ts":"2026-01-23T18:07:21.077+0800","caller":"middleware/logger.go:23","msg":"request","status":400,"method":"POST","path":"/login","query":"","ip":"::1","user-agent":"curl/8.7.1","errors":"","cost":0.000758117}
{"level":"INFO","ts":"2026-01-23T18:07:21.896+0800","caller":"middleware/logger.go:23","msg":"request","status":400,"method":"POST","path":"/login","query":"","ip":"::1","user-agent":"curl/8.7.1","errors":"","cost":0.000709315}
{"level":"INFO","ts":"2026-01-23T18:07:22.523+0800","caller":"middleware/logger.go:23","msg":"request","status":400,"method":"POST","path":"/login","query":"","ip":"::1","user-agent":"curl/8.7.1","errors":"","cost":0.000710983}
{"level":"INFO","ts":"2026-01-23T18:07:23.833+0800","caller":"middleware/logger.go:23","msg":"request","status":400,"method":"POST","path":"/login","query":"","ip":"::1","user-agent":"curl/8.7.1","errors":"","cost":0.000825148}
{"level":"INFO","ts":"2026-01-23T18:07:24.916+0800","caller":"middleware/logger.go:23","msg":"request","status":429,"method":"POST","path":"/login","query":"","ip":"::1","user-agent":"curl/8.7.1","errors":"","cost":0.000179141}
